<?xml version="1.0" encoding="UTF-8"?>
<!-- Generated by org.testng.reporters.JUnitXMLReporter -->
<testsuite hostname="ABCGYDCTAPP126" ignored="0" name="Default test" tests="3" failures="0" timestamp="04 Feb 2019 09:01:51 GMT" time="171.612" errors="0">
  <testcase name="TC001_Verify_BasicSearch" time="52.411" classname="Test.Inventory_Inquiry"/>
  <testcase name="TC002_Verify_Searched_Productdetails" time="14.087" classname="Test.Inventory_Inquiry"/>
  <testcase name="TC003_Verify_AdvanceSearch" time="104.872" classname="Test.Inventory_Inquiry"/>
</testsuite> <!-- Default test -->
